Not matched op: 0010010 rs1 =  0x22f75aac rs2 =  0x22a3a2a1
Not matched op: 1101001 rs1 =  0xbfa3bffb rs2 =  0xbda37055
Not matched op: 1101011 rs1 =  0xfffffff2 rs2 =  0x1b22c6b9
Not matched op: 0001000 rs1 =  0x1fc162a8 rs2 =  0x1fc14bc1
Not matched op: 0101101 rs1 =  0x4a758008 rs2 =  0xb58a7ff6
Not matched op: 1001100 rs1 =  0xbafb0fce rs2 =  0xa1406efb
Not matched op: 0010011 rs1 =  0x7d58f691 rs2 =  0x7cd8f6db
Not matched op: 1001110 rs1 =  0xd3a53f7e rs2 =  0xf7cee4cc
Not matched op: 1010100 rs1 =  0x25ddda64 rs2 =  0x25d5da65
Not matched op: 1001001 rs1 =  0xb913c1f1 rs2 =  0x93b5c8c3
Not matched op: 1111110 rs1 =  0xaea907a rs2 =  0xaea907a
Not matched op: 1011000 rs1 =  0x1c0c4524 rs2 =  0x1c0c4524
Not matched op: 0010011 rs1 =  0x9c7e4449 rs2 =  0xbcf5529
Not matched op: 1001101 rs1 =  0x7f9c22c3 rs2 =  0x85e1ac96
Not matched op: 0010011 rs1 =  0xcf76bd8f rs2 =  0xcf77ac36
Not matched op: 1111101 rs1 =  0xe3f76c80 rs2 =  0xe247ae77
Not matched op: 0010010 rs1 =  0x893dc42e rs2 =  0x893d9787
Not matched op: 1001001 rs1 =  0x9d74a32d rs2 =  0xdf74a32d
Not matched op: 1110000 rs1 =  0x413ecd62 rs2 =  0x50c5f4bd
Not matched op: 0111000 rs1 =  0x4030705c rs2 =  0x1f51148
Not matched op: 1011000 rs1 =  0xa5200001 rs2 =  0xa52045ce
Not matched op: 0101001 rs1 =  0x233f07db rs2 =  0x3eeee8ab
Not matched op: 0101001 rs1 =  0x551e8841 rs2 =  0xe67addfd
Not matched op: 0101001 rs1 =  0x10631c3f rs2 =  0xfd03367c
Not matched op: 0110110 rs1 =  0xbbb1f94c rs2 =  0xaa214748
Not matched op: 0111011 rs1 =  0x71104b5b rs2 =  0xcd1156fc
Not matched op: 1010101 rs1 =  0xa0c6518d rs2 =  0xa0c6418d
Not matched op: 0111010 rs1 =  0x437bd727 rs2 =  0xbf580113
Not matched op: 0111111 rs1 =  0xdf61be11 rs2 =  0xda0675fe
Not matched op: 1001110 rs1 =  0xdba27916 rs2 =  0xdaa2f169
Not matched op: 1110001 rs1 =  0xf7de419d rs2 =  0x77915d48
Not matched op: 1101110 rs1 =  0x12018be rs2 =  0xcaae31
Not matched op: 1101011 rs1 =  0xffdfffff rs2 =  0xffdfffff
Not matched op: 1011111 rs1 =  0x789b8e37 rs2 =  0x717461c8
Not matched op: 1111111 rs1 =  0x8f3a738f rs2 =  0xce63fc8a
Not matched op: 0111000 rs1 =  0x1a229254 rs2 =  0x521b9c54
Not matched op: 0001001 rs1 =  0xcc91e41f rs2 =  0xca868160
Not matched op: 1111100 rs1 =  0x1599e28f rs2 =  0xff46d021
Not matched op: 0111010 rs1 =  0xab58e706 rs2 =  0x78657895
Not matched op: 0010111 rs1 =  0x425d0e3d rs2 =  0x425d0c3d
Not matched op: 0001101 rs1 =  0x5b9bde39 rs2 =  0xb7fc295c
Not matched op: 1010000 rs1 =  0x815bbebc rs2 =  0x815b9ebd
Not matched op: 1010001 rs1 =  0xe4add544 rs2 =  0x16b4933d
Not matched op: 1001111 rs1 =  0x5fb1790f rs2 =  0x5fb1f90e
Not matched op: 1001111 rs1 =  0xba0f6b7a rs2 =  0x23307826
Not matched op: 1010001 rs1 =  0x333f8fd9 rs2 =  0x33bf8fd9
Not matched op: 1010110 rs1 =  0x1511c84e rs2 =  0x1511884e
Not matched op: 1010101 rs1 =  0x8d414ff6 rs2 =  0x3336bd41
Not matched op: 0111000 rs1 =  0x6a803540 rs2 =  0x6e81b403
Not matched op: 0111001 rs1 =  0xfcd83700 rs2 =  0x46296ff
Not matched op: 1101110 rs1 =  0x8d41af0 rs2 =  0x28d41af0
Not matched op: 1110111 rs1 =  0x2a9654f9 rs2 =  0x273b8dd0
Not matched op: 0111001 rs1 =  0xe3dc6280 rs2 =  0x958aefad
Not matched op: 1010100 rs1 =  0x38d2defc rs2 =  0x19931eae
Not matched op: 0111111 rs1 =  0x7b2f8a00 rs2 =  0x4328cfe2
Not matched op: 0111001 rs1 =  0xc4be0120 rs2 =  0xaf34266a
Not matched op: 1010100 rs1 =  0xca2b981d rs2 =  0xf0006951
Not matched op: 1001101 rs1 =  0x7905f830 rs2 =  0xf98334bb
Not matched op: 1001110 rs1 =  0x9ec4173c rs2 =  0x9ec41738
Not matched op: 0111101 rs1 =  0x26c262a8 rs2 =  0x12908b14
Not matched op: 0101100 rs1 =  0x410c47f7 rs2 =  0xbef3b808
Not matched op: 1110010 rs1 =  0xd3964905 rs2 =  0x978611b6
Not matched op: 1101000 rs1 =  0x238c1a6e rs2 =  0x238c1e6f
Not matched op: 1101110 rs1 =  0x0 rs2 =  0x81
Not matched op: 1101101 rs1 =  0x9e302001 rs2 =  0x9eb5dba2
Not matched op: 1010110 rs1 =  0x291fbf2 rs2 =  0x291fbb2
Not matched op: 1011010 rs1 =  0xe9c1cb34 rs2 =  0xd1fe7e6d
Not matched op: 0001100 rs1 =  0x723eb864 rs2 =  0x763eb864
Not matched op: 1101111 rs1 =  0x38bec413 rs2 =  0x38bed412
Not matched op: 1110111 rs1 =  0x4b4bd0c4 rs2 =  0x64645e86
Not matched op: 0011010 rs1 =  0x6290fd14 rs2 =  0x6294fd14
Not matched op: 1101011 rs1 =  0xe2843401 rs2 =  0xe2843400
Not matched op: 1010000 rs1 =  0xbf5628e0 rs2 =  0xbf475a42
Not matched op: 1010001 rs1 =  0x4169dc91 rs2 =  0x1acdbc2d
Not matched op: 0010111 rs1 =  0x6ef4eec9 rs2 =  0x961df10
Not matched op: 0101011 rs1 =  0x66f7ffcd rs2 =  0x66f3ffce
Not matched op: 0101011 rs1 =  0xfffffffe rs2 =  0x1060231
Not matched op: 0111100 rs1 =  0x28fde8c2 rs2 =  0xd6dbd0bb
Not matched op: 1110110 rs1 =  0xad684fec rs2 =  0xea6fcc47
Not matched op: 1010110 rs1 =  0x2528a7a2 rs2 =  0x2d28a7a2
Not matched op: 0111000 rs1 =  0xd6a1b5ff rs2 =  0xebc16af6
Not matched op: 1001000 rs1 =  0x22f60ec2 rs2 =  0x22f60ecb
Not matched op: 1110101 rs1 =  0xca99ab6c rs2 =  0xc4623a66
Not matched op: 1010100 rs1 =  0x97fc0692 rs2 =  0x97ff0f34
Not matched op: 0101000 rs1 =  0x8bd93a30 rs2 =  0x8b999d7e
Not matched op: 0111110 rs1 =  0xdc556454 rs2 =  0x5161af
Not matched op: 0111001 rs1 =  0x62bf2772 rs2 =  0x254e189f
Not matched op: 1001100 rs1 =  0xa1209d24 rs2 =  0xa1201d25
Not matched op: 0101101 rs1 =  0x4eb87b4c rs2 =  0xb147a4b3
Not matched op: 0101100 rs1 =  0x72c2ca49 rs2 =  0x8d3d34b6
Not matched op: 0100000 rs1 =  0x4ffe07d7 rs2 =  0x5e1543f0
Not matched op: 0111001 rs1 =  0x3bf8b402 rs2 =  0xf112d3ff
Not matched op: 1101100 rs1 =  0x80000000 rs2 =  0x80000003
Not matched op: 1101110 rs1 =  0x20060026 rs2 =  0x20269a5d
Not matched op: 1101110 rs1 =  0x186c0 rs2 =  0x76fc5039
Not matched op: 1110110 rs1 =  0xe46b2cc rs2 =  0x1e46b2cd
Not matched op: 1110011 rs1 =  0xd98756db rs2 =  0xe6121bbe
Not matched op: 0101000 rs1 =  0xdecb3fa rs2 =  0xdecb37b
Not matched op: 0010010 rs1 =  0x5498a74d rs2 =  0x2a03aed
Not matched op: 1101010 rs1 =  0x0 rs2 =  0x11
Not matched op: 0111011 rs1 =  0x7236b190 rs2 =  0x9ce0b13e
Not matched op: 0010100 rs1 =  0x50a30abc rs2 =  0x50a30b03
Not matched op: 0101000 rs1 =  0x7cfaaa08 rs2 =  0xfcc87e32
Not matched op: 1010001 rs1 =  0xdab43bd5 rs2 =  0x4d2ffe24
Not matched op: 1010000 rs1 =  0xaf668fb6 rs2 =  0xaf668f97
Not matched op: 1110011 rs1 =  0x9a4de926 rs2 =  0xa711e2da
Not matched op: 1001110 rs1 =  0xb762e9c8 rs2 =  0xb762e1c9
Not matched op: 0101100 rs1 =  0x91c99f4b rs2 =  0x6e3660b5
Not matched op: 1001100 rs1 =  0x988dc87 rs2 =  0x6d4a97d0
Not matched op: 1110110 rs1 =  0xb5a2494f rs2 =  0xbcad4ff5
Not matched op: 1101011 rs1 =  0xfeffffff rs2 =  0xdb5aa5f8
Not matched op: 1011110 rs1 =  0xa73538bf rs2 =  0x51a3aabe
Not matched op: 1010000 rs1 =  0x40c826fb rs2 =  0x88b267
Not matched op: 0111000 rs1 =  0x7e3effbf rs2 =  0x357667ab
Not matched op: 0111011 rs1 =  0x99f9d164 rs2 =  0x97fc0e5f
Not matched op: 0111101 rs1 =  0x19d00000 rs2 =  0xc3800001
Not matched op: 0111000 rs1 =  0x8e1bad4f rs2 =  0x457bad4e
Not matched op: 1001001 rs1 =  0x24dd2dd9 rs2 =  0x63f9995a
Not matched op: 0101100 rs1 =  0x38cb650d rs2 =  0xd7349af3
Not matched op: 0101100 rs1 =  0x8254e77b rs2 =  0x7dab0884
Not matched op: 0100110 rs1 =  0xdc1ade9c rs2 =  0xdc1c3a9a
Not matched op: 1101001 rs1 =  0xe1282660 rs2 =  0xb5b7d8c8
Not matched op: 1101011 rs1 =  0xffffffff rs2 =  0x5adbec64
Not matched op: 1101110 rs1 =  0x600 rs2 =  0x18da2efa
Not matched op: 0010011 rs1 =  0x4b8b1d62 rs2 =  0xb9dacfb5
Not matched op: 1110111 rs1 =  0x52e9726b rs2 =  0xe55eb512
Not matched op: 1110010 rs1 =  0xc25ca070 rs2 =  0x5261670c
Not matched op: 1001100 rs1 =  0x20835434 rs2 =  0x27f0bbae
Not matched op: 1101011 rs1 =  0xbb1dd4f7 rs2 =  0xbb1d050b
Not matched op: 1010000 rs1 =  0xae4caa7b rs2 =  0x5327c297
Not matched op: 1010000 rs1 =  0xc720d53d rs2 =  0xa989e542
Not matched op: 1010000 rs1 =  0x779c9674 rs2 =  0x61602869
Not matched op: 1010111 rs1 =  0xefe6b7d0 rs2 =  0x8508ccfc
Not matched op: 1110100 rs1 =  0xd3b9b104 rs2 =  0x4284667e
Not matched op: 0010110 rs1 =  0xdbbc93de rs2 =  0xddd493ff
Not matched op: 1110110 rs1 =  0xdafe288f rs2 =  0x4074f5f3
Not matched op: 1001100 rs1 =  0xb173e929 rs2 =  0x108aa211
Not matched op: 1101110 rs1 =  0x800000 rs2 =  0x3df289ee
Not matched op: 1010100 rs1 =  0x425a845e rs2 =  0x1ef944e9
Not matched op: 0101001 rs1 =  0xa108c33a rs2 =  0xd9ea334
Not matched op: 1010000 rs1 =  0xf0972117 rs2 =  0x87b85120
Not matched op: 1010101 rs1 =  0xc84b508b rs2 =  0xc3df28b5
Not matched op: 1001110 rs1 =  0x38295cff rs2 =  0x54584cbc
Not matched op: 0010010 rs1 =  0xc41257d7 rs2 =  0x1199f881
Not matched op: 0101101 rs1 =  0xbe00d7f7 rs2 =  0x56780585
Not matched op: 0101100 rs1 =  0x2d8b713f rs2 =  0xd2748ed0
Not matched op: 0101100 rs1 =  0xc58c9321 rs2 =  0x3a736c5f
Not matched op: 1011100 rs1 =  0xe95d8eaa rs2 =  0xe953ed92
Not matched op: 1110110 rs1 =  0xe1676755 rs2 =  0xadb8c64f
Not matched op: 1011011 rs1 =  0x7033b2c2 rs2 =  0xd6df6321
Not matched op: 1110001 rs1 =  0xb819f9f5 rs2 =  0x6b6e0190
Not matched op: 1101110 rs1 =  0x4001 rs2 =  0x732e5ad5
Not matched op: 1101100 rs1 =  0xf5f7c211 rs2 =  0xbb972d6a
Not matched op: 1101100 rs1 =  0xb0800001 rs2 =  0xaae5cc60
Not matched op: 1101011 rs1 =  0xbfffffff rs2 =  0xa25cbce5
Not matched op: 0001001 rs1 =  0xda5efed3 rs2 =  0xa60004a7
Not matched op: 0111100 rs1 =  0x232f6f68 rs2 =  0x9af01253
Not matched op: 0001010 rs1 =  0x237b9a86 rs2 =  0x20afaa86
Not matched op: 1110111 rs1 =  0x92bf1d6f rs2 =  0xef532dfb
Not matched op: 0001001 rs1 =  0x24330bdd rs2 =  0x2425cc2a
Not matched op: 0001010 rs1 =  0x115985ef rs2 =  0x4042e615
Not matched op: 1010001 rs1 =  0xcac82f7 rs2 =  0x2021732a
Not matched op: 1010000 rs1 =  0x7fbbe410 rs2 =  0xe52ae350
Not matched op: 1010001 rs1 =  0xdc307763 rs2 =  0x4b12b4d
Not matched op: 0010010 rs1 =  0x6e187bb9 rs2 =  0x82589598
Not matched op: 1111100 rs1 =  0xdce18cb3 rs2 =  0xb602100a
Not matched op: 0111000 rs1 =  0xe408c7b rs2 =  0xd3f76805
Not matched op: 0010011 rs1 =  0x6fdff1ff rs2 =  0x9aa2dec7
Not matched op: 1101011 rs1 =  0xfffff7f0 rs2 =  0xba7935be
Not matched op: 0101000 rs1 =  0xc077fae4 rs2 =  0xc0779aaf
Not matched op: 0101011 rs1 =  0x9969dd32 rs2 =  0xbe9e4d4f
Not matched op: 1010000 rs1 =  0x30ee99 rs2 =  0x175926bb
Not matched op: 0111000 rs1 =  0xc179075e rs2 =  0x8b87017b
Not matched op: 0111011 rs1 =  0x608d9bb7 rs2 =  0x79b757f8
Not matched op: 1001100 rs1 =  0x2c1ffa8d rs2 =  0xeffdf37d
Not matched op: 1001110 rs1 =  0xfcef286d rs2 =  0x80081363
Not matched op: 0101101 rs1 =  0x42056fb6 rs2 =  0xbdfb9048
Not matched op: 0101100 rs1 =  0x71b8dae9 rs2 =  0x8e572517
Not matched op: 0101100 rs1 =  0x7e785bec rs2 =  0x8187a412
Not matched op: 0101101 rs1 =  0x18d2f040 rs2 =  0xe7250fbe
Not matched op: 0010111 rs1 =  0x176cb99a rs2 =  0xbf72b9d3
Not matched op: 0011011 rs1 =  0x879615ad rs2 =  0x87396b55
Not matched op: 1011011 rs1 =  0xd7d90baa rs2 =  0xee5cb5aa
Not matched op: 1101101 rs1 =  0xb8020000 rs2 =  0xee41945e
Not matched op: 1101100 rs1 =  0x10001 rs2 =  0x7720ca3f
Not matched op: 1101110 rs1 =  0x80000 rs2 =  0x55d9f14d
Not matched op: 1101011 rs1 =  0xffff2bb9 rs2 =  0xc4a96cfa
Not matched op: 0001001 rs1 =  0x48de51ce rs2 =  0x8edf2223
Not matched op: 0111000 rs1 =  0x8f012043 rs2 =  0xef0100b1
Not matched op: 1110100 rs1 =  0xea5d5561 rs2 =  0x6d44dad6
Not matched op: 0010010 rs1 =  0x9c6c9644 rs2 =  0x9c529645
Not matched op: 0001101 rs1 =  0xf012244b rs2 =  0xf0122b2b
Not matched op: 1010001 rs1 =  0x11672a25 rs2 =  0x5a885195
Not matched op: 1010001 rs1 =  0x48b3d512 rs2 =  0xad4428e0
Not matched op: 1010000 rs1 =  0xdcd0e39b rs2 =  0xb8e78433
Not matched op: 1010001 rs1 =  0x467074df rs2 =  0x32365441
Not matched op: 1011001 rs1 =  0xa330b82f rs2 =  0x99182a23
Not matched op: 0111011 rs1 =  0xfdfcfc80 rs2 =  0x204401bf
Not matched op: 1101011 rs1 =  0xffbffffe rs2 =  0x9166c0a7
Not matched op: 1010111 rs1 =  0xfa5e761b rs2 =  0xa6f2f40d
Not matched op: 1010100 rs1 =  0x39632a1f rs2 =  0x3d38ee42
Not matched op: 0101001 rs1 =  0x1fce8231 rs2 =  0x149c772c
Not matched op: 0111011 rs1 =  0xed421bdf rs2 =  0x85021b12
Not matched op: 0111001 rs1 =  0xc704c143 rs2 =  0xe78481cb
Not matched op: 1001101 rs1 =  0x639e22a3 rs2 =  0xf3d38ee5
Not matched op: 0101100 rs1 =  0x61a21843 rs2 =  0x228102c
Not matched op: 0101101 rs1 =  0x3ac4c16e rs2 =  0xc53f3e90
Not matched op: 0101100 rs1 =  0xb04bd8d1 rs2 =  0x4fb4270f
Not matched op: 0100010 rs1 =  0x3df330f8 rs2 =  0x14b0a2f4
Not matched op: 0001000 rs1 =  0xac90112e rs2 =  0xac1945e2
Not matched op: 1011100 rs1 =  0xc3480897 rs2 =  0x760ca2f1
Not matched op: 1111100 rs1 =  0x61a4044b rs2 =  0xb9065178
Not matched op: 1110001 rs1 =  0x30d20225 rs2 =  0xdc83febc
Not matched op: 1101001 rs1 =  0xfffffffe rs2 =  0x2b6e56b1
Not matched op: 1101011 rs1 =  0xfdffffff rs2 =  0x15b72b58
Not matched op: 1101101 rs1 =  0x91d4f901 rs2 =  0xa1b5c31d
Not matched op: 1101011 rs1 =  0xffffffdf rs2 =  0xfbb4b73b
Not matched op: 0001010 rs1 =  0xca25a6b4 rs2 =  0xdefc0d2e
Not matched op: 0111111 rs1 =  0x7d76d7ee rs2 =  0x6b5a1295
Not matched op: 0111100 rs1 =  0x555e8701 rs2 =  0x8f510b01
Not matched op: 0010000 rs1 =  0xd35ac6ac rs2 =  0xd37e83cf
Not matched op: 1010000 rs1 =  0x573d0156 rs2 =  0x746541ef
Not matched op: 1010000 rs1 =  0xf9e80ab rs2 =  0x3b37a0df
Not matched op: 1010001 rs1 =  0x13205f53 rs2 =  0xb6f586fa
Not matched op: 0010010 rs1 =  0x8d7f30af rs2 =  0xf41097d1
Not matched op: 1001100 rs1 =  0x4ebf9877 rs2 =  0xf80a4ad0
Not matched op: 0001011 rs1 =  0x822035ed rs2 =  0x82203584
Not matched op: 1101100 rs1 =  0x800 rs2 =  0xebb5b9e2
Not matched op: 1010000 rs1 =  0xd8032bcd rs2 =  0x5eb48a70
Not matched op: 0111010 rs1 =  0xf8ee8a1e rs2 =  0x84341341
Not matched op: 1001101 rs1 =  0x39e3c2b8 rs2 =  0x210d04f4
Not matched op: 0101101 rs1 =  0xfa16635c rs2 =  0x5e99ca2
Not matched op: 0101100 rs1 =  0x295b3329 rs2 =  0xd6a4ccd5
Not matched op: 0101101 rs1 =  0x1065ee9e rs2 =  0xef9a1121
Not matched op: 0100001 rs1 =  0xf2528bd7 rs2 =  0x750a8100
Not matched op: 1111100 rs1 =  0xf8294528 rs2 =  0xba854031
Not matched op: 1011011 rs1 =  0x707ac854 rs2 =  0x762cf6a9
Not matched op: 1110010 rs1 =  0xb43ddec9 rs2 =  0xad9e7b54
Not matched op: 1111101 rs1 =  0x4ef1f162 rs2 =  0xb6e56b1b
Not matched op: 1101100 rs1 =  0x40000001 rs2 =  0x5b72b58d
Not matched op: 1101100 rs1 =  0x53bd7c80 rs2 =  0xadb95ac6
Not matched op: 1101000 rs1 =  0x4005c rs2 =  0x56dcad63
Not matched op: 1101001 rs1 =  0xb512ff9a rs2 =  0x83f005b6
Not matched op: 1101100 rs1 =  0x0 rs2 =  0x41f802db
Not matched op: 1101101 rs1 =  0xfc100001 rs2 =  0xa30c04db
Not matched op: 1101011 rs1 =  0xfffffccb rs2 =  0x527607db
Not matched op: 0001000 rs1 =  0xd610db69 rs2 =  0x2acb065b
Not matched op: 0001011 rs1 =  0x1259af6d rs2 =  0x1855b16f
Not matched op: 0010011 rs1 =  0x443de8d6 rs2 =  0xc952c420
Not matched op: 1010000 rs1 =  0xaa1ef46b rs2 =  0x60a16230
Not matched op: 1010000 rs1 =  0xe0b6a439 rs2 =  0x31a0b4b8
Not matched op: 1010001 rs1 =  0xf05ad21c rs2 =  0x98d05651
Not matched op: 1010001 rs1 =  0xf82da90e rs2 =  0x4c682d0f
Not matched op: 0000010 rs1 =  0x1f0a1a8a rs2 =  0x1f0a2321
Not matched op: 1001101 rs1 =  0x366e5b49 rs2 =  0x51120c38
Not matched op: 1101110 rs1 =  0x9a4 rs2 =  0xa8890613
Not matched op: 1101011 rs1 =  0xffffeffa rs2 =  0xd7b486bf
Not matched op: 0010011 rs1 =  0xfa796d6f rs2 =  0x6bce4343
Not matched op: 0101000 rs1 =  0xc215c2a rs2 =  0x469cfd35
Not matched op: 1011000 rs1 =  0xd7e97811 rs2 =  0x18fe97ba
Not matched op: 0111000 rs1 =  0x6bf4bdf8 rs2 =  0x8c7f4abd
Not matched op: 0111000 rs1 =  0xdfa5e04 rs2 =  0x563fa5ee
Not matched op: 1001100 rs1 =  0x1e1d2f02 rs2 =  0x231fd2f5
Not matched op: 0101101 rs1 =  0x714e3bc6 rs2 =  0x8eb1cc39
Not matched op: 0101100 rs1 =  0x1b9a3f79 rs2 =  0xe565c087
Not matched op: 0101101 rs1 =  0x23af450a rs2 =  0xdc50b8f5
Not matched op: 0101100 rs1 =  0x855071c9 rs2 =  0x7aaf0e37
Not matched op: 0101000 rs1 =  0xdfc4d492 rs2 =  0xdfc8d291
Not matched op: 1111001 rs1 =  0x8dcef164 rs2 =  0x1f802db4
Not matched op: 1111101 rs1 =  0xc6e77832 rs2 =  0xfc016da
Not matched op: 0011010 rs1 =  0x4273bc99 rs2 =  0xe7e00b6d
Not matched op: 1101110 rs1 =  0xfb rs2 =  0xe64bd7d9
Not matched op: 1101101 rs1 =  0x1 rs2 =  0xf535ebfc
Not matched op: 1101011 rs1 =  0xfff7ffff rs2 =  0x1fd9222f
Not matched op: 1101100 rs1 =  0xc8000001 rs2 =  0x69a746ce
Not matched op: 0001001 rs1 =  0x161fe1e3 rs2 =  0xf2b874be
Not matched op: 0001011 rs1 =  0xae63f903 rs2 =  0xae63f903
Not matched op: 0111010 rs1 =  0x278c3281 rs2 =  0x32edcafe
Not matched op: 0010100 rs1 =  0x255f1960 rs2 =  0x255ee57b
Not matched op: 1010000 rs1 =  0xcef0c60b rs2 =  0x2af0a56c
Not matched op: 1010001 rs1 =  0x63786305 rs2 =  0x95785292
Not matched op: 1010001 rs1 =  0x31bc3182 rs2 =  0xcabc2979
Not matched op: 1010000 rs1 =  0x56cc9a7a rs2 =  0x8315c379
Not matched op: 0000111 rs1 =  0x616c7dd1 rs2 =  0x616c7dd1
Not matched op: 0010111 rs1 =  0x29fc3f55 rs2 =  0x29fc3f55
Not matched op: 0111101 rs1 =  0x774e3700 rs2 =  0x5fba2301
Not matched op: 1101100 rs1 =  0xeba74139 rs2 =  0x27ddcd20
Not matched op: 1101101 rs1 =  0xbbc07021 rs2 =  0x75a53149
Not matched op: 1010100 rs1 =  0x13f3ffad rs2 =  0x5c994f75
Not matched op: 0111100 rs1 =  0x61e9ffd6 rs2 =  0xe294ffbe
Not matched op: 0111000 rs1 =  0x4fcffbb rs2 =  0x572653bf
Not matched op: 0111101 rs1 =  0xf5787fdb rs2 =  0x2e9729d9
Not matched op: 1001111 rs1 =  0x813f3ffa rs2 =  0xd1c594fd
Not matched op: 0101100 rs1 =  0x96ca9bd3 rs2 =  0x6935e42c
Not matched op: 0101100 rs1 =  0x30acdb7b rs2 =  0xcf53248c
Not matched op: 0101101 rs1 =  0x3959e97a rs2 =  0xc2a61684
Not matched op: 0101101 rs1 =  0x55f31fd4 rs2 =  0xaa08e02a
Not matched op: 0101100 rs1 =  0xe13dfb2f rs2 =  0x64bc6d28
Not matched op: 0010000 rs1 =  0xa6ae54de rs2 =  0xa6b83edd
Not matched op: 1110111 rs1 =  0x384f2eeb rs2 =  0x9b2f5f66
Not matched op: 1101010 rs1 =  0xef9577 rs2 =  0xcc97afb3
Not matched op: 1101101 rs1 =  0x4b6c8013 rs2 =  0x7ef14f2b
Not matched op: 1101110 rs1 =  0x20000 rs2 =  0xbf78a795
Not matched op: 1101110 rs1 =  0x200001 rs2 =  0x214d1ce1
Not matched op: 1101011 rs1 =  0xffffe1fb rs2 =  0xee57c15b
Not matched op: 0001001 rs1 =  0x91b703ed rs2 =  0x90daaf86
Not matched op: 0010010 rs1 =  0x299d3116 rs2 =  0x25992f1b
Not matched op: 0111001 rs1 =  0x3118ad42 rs2 =  0x5ce7208a
Not matched op: 0000010 rs1 =  0x98a0bdf7 rs2 =  0x2e43f271
Not matched op: 0111010 rs1 =  0x5d66dc3 rs2 =  0xe5d66039
Not matched op: 1010001 rs1 =  0x438f72f5 rs2 =  0xf4e85b0a
Not matched op: 1010000 rs1 =  0x81cf387a rs2 =  0xfa742d88
Not matched op: 1010001 rs1 =  0xb8b27ac rs2 =  0x3cb59f8
Not matched op: 1111100 rs1 =  0xcea820c7 rs2 =  0x7f14e3df
Not matched op: 0000010 rs1 =  0x2755bfc3 rs2 =  0xff8bbfbf
Not matched op: 1101100 rs1 =  0x400 rs2 =  0xa13477dc
Not matched op: 1011110 rs1 =  0x3c63fa90 rs2 =  0x501abb6e
Not matched op: 0111011 rs1 =  0x54970759 rs2 =  0x56a852dc
Not matched op: 0111101 rs1 =  0x952b8bd rs2 =  0x35bf6641
Not matched op: 0111010 rs1 =  0xf0e19806 rs2 =  0xead77baa
Not matched op: 1001101 rs1 =  0x78708f2f rs2 =  0x756bd999
Not matched op: 0101100 rs1 =  0xe70a595f rs2 =  0x58f5a6a0
Not matched op: 0101101 rs1 =  0x2bb0d9fa rs2 =  0xd44f2644
Not matched op: 0101101 rs1 =  0x1d6cb7c0 rs2 =  0xe293483b
Not matched op: 0101101 rs1 =  0xbcc730e rs2 =  0xf4318cf1
Not matched op: 0101101 rs1 =  0x288fa018 rs2 =  0xd7701fe6
Not matched op: 0100010 rs1 =  0x729df322 rs2 =  0x6797f105
Not matched op: 0000001 rs1 =  0x5a4f83c7 rs2 =  0x624983c8
Not matched op: 0001111 rs1 =  0x3143b017 rs2 =  0x3142e3ba
Not matched op: 1011010 rs1 =  0x5f65d88b rs2 =  0xf78a795d
Not matched op: 1101110 rs1 =  0x40001 rs2 =  0xfbc53ca6
Not matched op: 1101011 rs1 =  0xfffffefe rs2 =  0xfde29e57
Not matched op: 1101100 rs1 =  0xc6000000 rs2 =  0xf5ad7084
Not matched op: 1101110 rs1 =  0x3 rs2 =  0x7ad6b842
Not matched op: 1101011 rs1 =  0xffffdf40 rs2 =  0x48c62ca5
Not matched op: 1101100 rs1 =  0xfbced2b4 rs2 =  0xd1ce66d6
Not matched op: 0111101 rs1 =  0xbf044f07 rs2 =  0x154a416f
Not matched op: 0111100 rs1 =  0xdf8326cf rs2 =  0xce9721f7
Not matched op: 0111001 rs1 =  0x7f22b7cd rs2 =  0xffe07f
Not matched op: 1010000 rs1 =  0xd6911be6 rs2 =  0x896df02d
Not matched op: 1010001 rs1 =  0xa9ab8959 rs2 =  0xb11288a3
Not matched op: 1010000 rs1 =  0xd4d4d4ac rs2 =  0xd889446d
Not matched op: 1010001 rs1 =  0x6a6aea56 rs2 =  0x6c44a22e
Not matched op: 0111100 rs1 =  0x125fff rs2 =  0xffef3001
Not matched op: 1101011 rs1 =  0xff7ffffe rs2 =  0x146ae04f
Not matched op: 0010010 rs1 =  0x3c940635 rs2 =  0x8357027
Not matched op: 1010101 rs1 =  0xdca126a0 rs2 =  0x74b7c891
Not matched op: 0111001 rs1 =  0xee5093ea rs2 =  0x385be409
Not matched op: 0111010 rs1 =  0x53cb7d46 rs2 =  0xb58082a1
Not matched op: 0111011 rs1 =  0x9841209 rs2 =  0x96fe79d4
Not matched op: 0101101 rs1 =  0xf77f47f5 rs2 =  0x880b80a
Not matched op: 0101101 rs1 =  0x845a854e rs2 =  0x7ba57eb1
Not matched op: 0101101 rs1 =  0x9dec8104 rs2 =  0x62127efb
Not matched op: 0101100 rs1 =  0x5f4dbb23 rs2 =  0xa0b244dc
Not matched op: 0101100 rs1 =  0x7a6b20c1 rs2 =  0x594df3f
Not matched op: 0001110 rs1 =  0xd3dcb816 rs2 =  0xd3c1e325
Not matched op: 1011011 rs1 =  0xd822df8b rs2 =  0x5ef4f192
Not matched op: 1101110 rs1 =  0x9 rs2 =  0xad6b8426
Not matched op: 1101011 rs1 =  0xffffffbf rs2 =  0xd6b5c213
Not matched op: 1101110 rs1 =  0xe5c64955 rs2 =  0xeb5ae109
Not matched op: 1101100 rs1 =  0x20000000 rs2 =  0xd40ba9fc
Not matched op: 1101011 rs1 =  0xdf8cddba rs2 =  0x6a05d4fe
Not matched op: 1101110 rs1 =  0x21 rs2 =  0xe1094383
Not matched op: 0011010 rs1 =  0x32de50b8 rs2 =  0x328f08b9
Not matched op: 0111011 rs1 =  0xaa3440a0 rs2 =  0xc64c4fe2
Not matched op: 1010001 rs1 =  0xd51b49d2 rs2 =  0x632616d5
Not matched op: 1010001 rs1 =  0x73d41f9d rs2 =  0xe598a2ac
Not matched op: 1010000 rs1 =  0xb8ea0fce rs2 =  0xf2ce516a
Not matched op: 1010000 rs1 =  0xc5acbc93 rs2 =  0xad6d814f
Not matched op: 1010110 rs1 =  0xe6d65e5f rs2 =  0xd6b6c0ae
Not matched op: 1101110 rs1 =  0x8124 rs2 =  0xeb5b6057
Not matched op: 1101100 rs1 =  0x22400000 rs2 =  0xa1a619d7
Not matched op: 1101110 rs1 =  0x1107 rs2 =  0x84d8a517
Not matched op: 1010000 rs1 =  0x40f7d683 rs2 =  0xc26c5299
Not matched op: 1011001 rs1 =  0x3b325035 rs2 =  0x353d80b9
Not matched op: 0111000 rs1 =  0x1089a97f rs2 =  0xbebec200
Not matched op: 0101100 rs1 =  0x171baa63 rs2 =  0xece4559d
Not matched op: 0101100 rs1 =  0xaef88713 rs2 =  0x510f78ec
Not matched op: 0101100 rs1 =  0xc83d1d81 rs2 =  0x2742e27e
Not matched op: 0101100 rs1 =  0x6545fce3 rs2 =  0x9aba030d
Not matched op: 0101100 rs1 =  0x558b91e9 rs2 =  0xaa646e16
Not matched op: 0000111 rs1 =  0x7b7bc16d rs2 =  0x7b7bc16d
Not matched op: 1101110 rs1 =  0x40 rs2 =  0x52c4d8c5
Not matched op: 1101110 rs1 =  0x273 rs2 =  0x29626c62
Not matched op: 1101110 rs1 =  0x11 rs2 =  0x40ba9fcd
Not matched op: 1101011 rs1 =  0xffffffee rs2 =  0xa05d4fe6
Not matched op: 1101011 rs1 =  0xfffdffff rs2 =  0x502ea7f3
Not matched op: 1101011 rs1 =  0xfffffffd rs2 =  0xa81753f9
Not matched op: 1101100 rs1 =  0x165f9204 rs2 =  0xdbcfd740
Not matched op: 1101100 rs1 =  0x10000000 rs2 =  0x6de7eba0
Not matched op: 0001001 rs1 =  0x25885a53 rs2 =  0x25fc5a54
Not matched op: 0001010 rs1 =  0x3f41e8bd rs2 =  0xd41e808
Not matched op: 1010001 rs1 =  0x99825668 rs2 =  0xcd673448
Not matched op: 1010000 rs1 =  0xcce02334 rs2 =  0x66b39e0a
Not matched op: 1010001 rs1 =  0x703f032e rs2 =  0xe8961a51
Not matched op: 1010001 rs1 =  0xb81f8197 rs2 =  0x744b0d2a
Not matched op: 1010000 rs1 =  0xca50527f rs2 =  0x61ea51e8
Not matched op: 1010000 rs1 =  0xe528293f rs2 =  0xb0f528ce
Not matched op: 1001101 rs1 =  0x3394149f rs2 =  0xd87a9479
Not matched op: 0101001 rs1 =  0x8f1599fb rs2 =  0x37f29d7a
Not matched op: 1101110 rs1 =  0x71d55ec9 rs2 =  0x403699fd
Not matched op: 1101011 rs1 =  0xffffff44 rs2 =  0xa01b4cfe
Not matched op: 1101101 rs1 =  0x222bc440 rs2 =  0x8bc2713f
Not matched op: 1101011 rs1 =  0xfffefe83 rs2 =  0x45e1389f
Not matched op: 0111011 rs1 =  0xded50961 rs2 =  0x793f67af
Not matched op: 0111101 rs1 =  0xa9150356 rs2 =  0x6ff872c1
Not matched op: 0111110 rs1 =  0xfc9a83c5 rs2 =  0x33a8391b
Not matched op: 0101101 rs1 =  0xea0ed1d0 rs2 =  0x15f32e2f
Not matched op: 0101100 rs1 =  0x4270e763 rs2 =  0xbd8f199c
Not matched op: 0101101 rs1 =  0xe8455228 rs2 =  0x15baadd6
Not matched op: 0101100 rs1 =  0xa848367 rs2 =  0xf57b7499
Not matched op: 0101101 rs1 =  0x150eabe0 rs2 =  0xead1541f
Not matched op: 1100011 rs1 =  0x65f92b4d rs2 =  0xbcfd740d
Not matched op: 1101110 rs1 =  0x100000 rs2 =  0xde7eba06
Not matched op: 1101011 rs1 =  0xfbf24ad3 rs2 =  0x6f3f5d03
Not matched op: 1101110 rs1 =  0x5 rs2 =  0xb79fae81
Not matched op: 1101110 rs1 =  0x2abbf7c rs2 =  0x46e5f7e2
Not matched op: 1101011 rs1 =  0xffffff7e rs2 =  0x2372fbf1
Not matched op: 0001000 rs1 =  0xb28150a2 rs2 =  0xb25c8a1a
Not matched op: 1001011 rs1 =  0x71ab172d rs2 =  0xed4bb2c3
Not matched op: 0101000 rs1 =  0x3a7f30ee rs2 =  0xe0413011
Not matched op: 1010000 rs1 =  0x813f1a75 rs2 =  0x5a261748
Not matched op: 1010000 rs1 =  0x8143246 rs2 =  0xeae5fc4d
Not matched op: 1010001 rs1 =  0x841a1923 rs2 =  0x757afe33
Not matched op: 1010001 rs1 =  0x10a6b3ed rs2 =  0xfc5888fb
Not matched op: 0111101 rs1 =  0xc1f59f6 rs2 =  0xfc3c4479
Not matched op: 0111110 rs1 =  0x8408461b rs2 =  0x7f36a6bc
Not matched op: 1101110 rs1 =  0x10bf6901 rs2 =  0xf96ee6fc
Not matched op: 1101011 rs1 =  0xf7b40bfc rs2 =  0xba52849c
Not matched op: 0111000 rs1 =  0xed7805fc rs2 =  0x5d2f424c
Not matched op: 1010000 rs1 =  0x241abd83 rs2 =  0x687156cf
Not matched op: 0111000 rs1 =  0x120b5e99 rs2 =  0xb438ab52
Not matched op: 0101101 rs1 =  0xe55e713e rs2 =  0x1aa19ec1
Not matched op: 0101100 rs1 =  0xbaea7dbd rs2 =  0x45558243
Not matched op: 0101100 rs1 =  0x2b84f915 rs2 =  0xd47b46ea
Not matched op: 0101101 rs1 =  0xaba2ad52 rs2 =  0x541d52ac
Not matched op: 0101101 rs1 =  0xa4ea344e rs2 =  0x5a15cbb0
Not matched op: 0101100 rs1 =  0x69343793 rs2 =  0x96cbc864
Not matched op: 0001101 rs1 =  0x7a4122e1 rs2 =  0x7aea270b
Not matched op: 1011010 rs1 =  0xf0209178 rs2 =  0x51751385
Not matched op: 1101011 rs1 =  0xfffbfffe rs2 =  0x6e5f7e20
Not matched op: 1101110 rs1 =  0x55dfbe2 rs2 =  0x372fbf10
Not matched op: 1101100 rs1 =  0x1001 rs2 =  0x1b97df88
Not matched op: 1101100 rs1 =  0x4000 rs2 =  0x8dcbefc4
Not matched op: 1101110 rs1 =  0x2096 rs2 =  0x77f3ced5
Not matched op: 1101011 rs1 =  0xf13bc74b rs2 =  0x3bf9e76a
Not matched op: 0111001 rs1 =  0x745c0553 rs2 =  0xeb9c0520
Not matched op: 0010011 rs1 =  0x792ab80f rs2 =  0x79245065
Not matched op: 0101001 rs1 =  0x86775791 rs2 =  0xff89a2e7
Not matched op: 1010001 rs1 =  0x437b6848 rs2 =  0xdb44f36f
Not matched op: 1010001 rs1 =  0x33c23a32 rs2 =  0x1a51b75a
Not matched op: 1010001 rs1 =  0x99e51d19 rs2 =  0xd28db8e
Not matched op: 1010000 rs1 =  0x5e85009a rs2 =  0xf167a306
Not matched op: 1010000 rs1 =  0x2f428004 rs2 =  0x68bd9187
Not matched op: 1010000 rs1 =  0x97a05406 rs2 =  0xbc5928cd
Not matched op: 1010001 rs1 =  0x59a72e95 rs2 =  0x29df3abc
Not matched op: 0011010 rs1 =  0xbea5afdc rs2 =  0xe31daf5d
Not matched op: 1101101 rs1 =  0x5e040000 rs2 =  0x718e29c7
Not matched op: 1101011 rs1 =  0xffffbf61 rs2 =  0x4f34da36
Not matched op: 1101100 rs1 =  0x200 rs2 =  0xa79a6d1b
Not matched op: 1101101 rs1 =  0xde200000 rs2 =  0x243ef858
Not matched op: 0010011 rs1 =  0x7ef798c1 rs2 =  0x63ecb2f9
Not matched op: 1010101 rs1 =  0xbe7bcc60 rs2 =  0xb2f6597c
Not matched op: 0111110 rs1 =  0xde44cc30 rs2 =  0x584ae6be
Not matched op: 0111010 rs1 =  0x6f1ef338 rs2 =  0x2cbd965f
Not matched op: 1001101 rs1 =  0x1fcf798c rs2 =  0x165ecb3d
Not matched op: 0101101 rs1 =  0xf08e37f2 rs2 =  0xf71ca0c
Not matched op: 0101101 rs1 =  0x7a162776 rs2 =  0x87e9d888
Not matched op: 0101101 rs1 =  0xb0dc1d24 rs2 =  0xcf23e2db
Not matched op: 0101100 rs1 =  0xf0d7d5eb rs2 =  0xfa82a15
Not matched op: 0101100 rs1 =  0x8c2a1595 rs2 =  0x73f5ea6a
Not matched op: 0101101 rs1 =  0xc0393246 rs2 =  0x3fc6c9b9
Not matched op: 0101101 rs1 =  0x4f7a3dba rs2 =  0xb005c244
Not matched op: 0101101 rs1 =  0x12e9dae6 rs2 =  0xad162519
Not matched op: 1101110 rs1 =  0xf3a9a rs2 =  0x4ef62dba
Not matched op: 0001001 rs1 =  0xcc879d4d rs2 =  0xcc8706dd
Not matched op: 0111010 rs1 =  0x28b4f43c rs2 =  0xdc47a6d4
Not matched op: 1010001 rs1 =  0x73754084 rs2 =  0x2053fef0
Not matched op: 1010000 rs1 =  0xbcd59ad8 rs2 =  0x5edfd2c8
Not matched op: 1010000 rs1 =  0x5e6acd7c rs2 =  0x2f6fe965
Not matched op: 1010001 rs1 =  0xa5a5c2c rs2 =  0x5941d904
Not matched op: 1010000 rs1 =  0x40d2e16 rs2 =  0x2ca2eca7
Not matched op: 1010001 rs1 =  0x23f8ad91 rs2 =  0x58a65bfb
Not matched op: 0001001 rs1 =  0xdb425c73 rs2 =  0xdb425c72
Not matched op: 1101100 rs1 =  0xc8080000 rs2 =  0x562996fe
Not matched op: 1101100 rs1 =  0x54000000 rs2 =  0x65e2e6c5
Not matched op: 1101110 rs1 =  0x400000 rs2 =  0x7c075ed8
Not matched op: 1011000 rs1 =  0x82539e87 rs2 =  0x3e03af6c
Not matched op: 0111010 rs1 =  0x6c6ef5d9 rs2 =  0xc061fa0c
Not matched op: 0111111 rs1 =  0x301b1acc rs2 =  0xead9fdd6
Not matched op: 0101101 rs1 =  0x9a7fe7a8 rs2 =  0x6d801857
Not matched op: 0101101 rs1 =  0xf75c0c54 rs2 =  0x28a3f3aa
Not matched op: 0101100 rs1 =  0x109bf1b3 rs2 =  0xef640ecd
Not matched op: 0101100 rs1 =  0xb72924b9 rs2 =  0x40d6db46
Not matched op: 0101100 rs1 =  0x38b49509 rs2 =  0xc74b4af6
Not matched op: 0100000 rs1 =  0xe73927ef rs2 =  0x4329edf1
Not matched op: 0001011 rs1 =  0xf4dea9a5 rs2 =  0xf4dfdbac
Not matched op: 1011011 rs1 =  0x2b79d492 rs2 =  0x77b16dd6
Not matched op: 1011010 rs1 =  0x95bcea69 rs2 =  0x3bd8b6eb
Not matched op: 1110110 rs1 =  0x4adc7534 rs2 =  0x9dee5b75
Not matched op: 1101100 rs1 =  0x8001 rs2 =  0xc00e74b3
Not matched op: 1101011 rs1 =  0xffeffffe rs2 =  0xe0073a59
Not matched op: 1101110 rs1 =  0x100 rs2 =  0xb00de99f
Not matched op: 1101011 rs1 =  0xfffffbe0 rs2 =  0x9808807c
Not matched op: 1101011 rs1 =  0x5f286f85 rs2 =  0x8c0a348d
Not matched op: 1101101 rs1 =  0xcf000000 rs2 =  0xc6051a46
Not matched op: 1101011 rs1 =  0xfffffffa rs2 =  0xa30cf990
